This is pdfTeX, Version 3.141592653-2.6-1.40.27 (MiKTeX 25.4) (preloaded format=pdflatex.fmt)
 restricted \write18 enabled.
entering extended mode
(facturas/factura_697867.tex
LaTeX2e <2025-06-01> patch level 1
L3 programming layer <2025-06-09>
(C:\Users\benja\AppData\Local\Programs\MiKTeX\tex/latex/base\article.cls
Document Class: article 2025/01/22 v1.4n Standard LaTeX document class
(C:\Users\benja\AppData\Local\Programs\MiKTeX\tex/latex/base\size12.clo))
(C:\Users\benja\AppData\Local\Programs\MiKTeX\tex/latex/base\inputenc.sty)
(C:\Users\benja\AppData\Local\Programs\MiKTeX\tex/latex/geometry\geometry.sty
(C:\Users\benja\AppData\Local\Programs\MiKTeX\tex/latex/graphics\keyval.sty)
(C:\Users\benja\AppData\Local\Programs\MiKTeX\tex/generic/iftex\ifvtex.sty
(C:\Users\benja\AppData\Local\Programs\MiKTeX\tex/generic/iftex\iftex.sty))
(C:\Users\benja\AppData\Local\Programs\MiKTeX\tex/latex/geometry\geometry.cfg))
(C:\Users\benja\AppData\Local\Programs\MiKTeX\tex/latex/tools\longtable.sty)
(C:\Users\benja\AppData\Local\Programs\MiKTeX\tex/latex/l3backend\l3backend-pdf
tex.def)
No file factura_697867.aux.
*geometry* driver: auto-detecting
*geometry* detected driver: pdftex

[1{C:/Users/benja/AppData/Local/MiKTeX/fonts/map/pdftex/pdftex.map}]
(C:\Users\benja\OneDrive\Documents\proyecto_facturacion\facturas\factura_697867
.aux) ) <C:\Users\benja\AppData\Local\MiKTeX\fonts/pk/ljfour/jknappen/ec/dpi600
\tcrm1200.pk><C:/Users/benja/AppData/Local/Programs/MiKTeX/fonts/type1/public/a
msfonts/cm/cmbx12.pfb><C:/Users/benja/AppData/Local/Programs/MiKTeX/fonts/type1
/public/amsfonts/cm/cmr12.pfb><C:/Users/benja/AppData/Local/Programs/MiKTeX/fon
ts/type1/public/amsfonts/cm/cmr17.pfb>
Output written on C:\Users\benja\OneDrive\Documents\proyecto_facturacion\factur
as\factura_697867.pdf (1 page, 47160 bytes).
Transcript written on C:\Users\benja\OneDrive\Documents\proyecto_facturacion\fa
cturas\factura_697867.log.
