This is pdfTeX, Version 3.141592653-2.6-1.40.27 (MiKTeX 25.4) (preloaded format=pdflatex 2025.7.7)  8 JUL 2025 00:50
entering extended mode
 restricted \write18 enabled.
 %&-line parsing enabled.
**./facturas/factura_427409.tex
(facturas/factura_427409.tex
LaTeX2e <2025-06-01> patch level 1
L3 programming layer <2025-06-09>
(C:\Users\benja\AppData\Local\Programs\MiKTeX\tex/latex/base\article.cls
Document Class: article 2025/01/22 v1.4n Standard LaTeX document class
(C:\Users\benja\AppData\Local\Programs\MiKTeX\tex/latex/base\size12.clo
File: size12.clo 2025/01/22 v1.4n Standard LaTeX file (size option)
)
\c@part=\count275
\c@section=\count276
\c@subsection=\count277
\c@subsubsection=\count278
\c@paragraph=\count279
\c@subparagraph=\count280
\c@figure=\count281
\c@table=\count282
\abovecaptionskip=\skip49
\belowcaptionskip=\skip50
\bibindent=\dimen148
)
(C:\Users\benja\AppData\Local\Programs\MiKTeX\tex/latex/base\inputenc.sty
Package: inputenc 2024/02/08 v1.3d Input encoding file
\inpenc@prehook=\toks17
\inpenc@posthook=\toks18
)
(C:\Users\benja\AppData\Local\Programs\MiKTeX\tex/latex/geometry\geometry.sty
Package: geometry 2020/01/02 v5.9 Page Geometry

(C:\Users\benja\AppData\Local\Programs\MiKTeX\tex/latex/graphics\keyval.sty
Package: keyval 2022/05/29 v1.15 key=value parser (DPC)
\KV@toks@=\toks19
)
(C:\Users\benja\AppData\Local\Programs\MiKTeX\tex/generic/iftex\ifvtex.sty
Package: ifvtex 2019/10/25 v1.7 ifvtex legacy package. Use iftex instead.

(C:\Users\benja\AppData\Local\Programs\MiKTeX\tex/generic/iftex\iftex.sty
Package: iftex 2024/12/12 v1.0g TeX engine tests
))
\Gm@cnth=\count283
\Gm@cntv=\count284
\c@Gm@tempcnt=\count285
\Gm@bindingoffset=\dimen149
\Gm@wd@mp=\dimen150
\Gm@odd@mp=\dimen151
\Gm@even@mp=\dimen152
\Gm@layoutwidth=\dimen153
\Gm@layoutheight=\dimen154
\Gm@layouthoffset=\dimen155
\Gm@layoutvoffset=\dimen156
\Gm@dimlist=\toks20

(C:\Users\benja\AppData\Local\Programs\MiKTeX\tex/latex/geometry\geometry.cfg))
(C:\Users\benja\AppData\Local\Programs\MiKTeX\tex/latex/tools\longtable.sty
Package: longtable 2024-12-18 v4.23 Multi-page Table package (DPC)
\LTleft=\skip51
\LTright=\skip52
\LTpre=\skip53
\LTpost=\skip54
\LTchunksize=\count286
\LTcapwidth=\dimen157
\LT@head=\box53
\LT@firsthead=\box54
\LT@foot=\box55
\LT@lastfoot=\box56
\LT@gbox=\box57
\LT@cols=\count287
\LT@rows=\count288
\c@LT@tables=\count289
\c@LT@chunks=\count290
\LT@p@ftn=\toks21
)
(C:\Users\benja\AppData\Local\Programs\MiKTeX\tex/latex/l3backend\l3backend-pdf
tex.def
File: l3backend-pdftex.def 2025-06-09 L3 backend support: PDF output (pdfTeX)
\l__color_backend_stack_int=\count291
)
No file factura_427409.aux.
\openout1 = `factura_427409.aux'.

LaTeX Font Info:    Checking defaults for OML/cmm/m/it on input line 7.
LaTeX Font Info:    ... okay on input line 7.
LaTeX Font Info:    Checking defaults for OMS/cmsy/m/n on input line 7.
LaTeX Font Info:    ... okay on input line 7.
LaTeX Font Info:    Checking defaults for OT1/cmr/m/n on input line 7.
LaTeX Font Info:    ... okay on input line 7.
LaTeX Font Info:    Checking defaults for T1/cmr/m/n on input line 7.
LaTeX Font Info:    ... okay on input line 7.
LaTeX Font Info:    Checking defaults for TS1/cmr/m/n on input line 7.
LaTeX Font Info:    ... okay on input line 7.
LaTeX Font Info:    Checking defaults for OMX/cmex/m/n on input line 7.
LaTeX Font Info:    ... okay on input line 7.
LaTeX Font Info:    Checking defaults for U/cmr/m/n on input line 7.
LaTeX Font Info:    ... okay on input line 7.
*geometry* driver: auto-detecting
*geometry* detected driver: pdftex
*geometry* verbose mode - [ preamble ] result:
* driver: pdftex
* paper: a4paper
* layout: <same size as paper>
* layoutoffset:(h,v)=(0.0pt,0.0pt)
* modes: 
* h-part:(L,W,R)=(72.26999pt, 452.9679pt, 72.26999pt)
* v-part:(T,H,B)=(72.26999pt, 700.50687pt, 72.26999pt)
* \paperwidth=597.50787pt
* \paperheight=845.04684pt
* \textwidth=452.9679pt
* \textheight=700.50687pt
* \oddsidemargin=0.0pt
* \evensidemargin=0.0pt
* \topmargin=-37.0pt
* \headheight=12.0pt
* \headsep=25.0pt
* \topskip=12.0pt
* \footskip=30.0pt
* \marginparwidth=44.0pt
* \marginparsep=10.0pt
* \columnsep=10.0pt
* \skip\footins=10.8pt plus 4.0pt minus 2.0pt
* \hoffset=0.0pt
* \voffset=0.0pt
* \mag=1000
* \@twocolumnfalse
* \@twosidefalse
* \@mparswitchfalse
* \@reversemarginfalse
* (1in=72.27pt=25.4mm, 1cm=28.453pt)

! You can't use `macro parameter character #' in restricted horizontal mode.
l.26 Dirección & Tr. 49 #
                           86-1 Sur \\
? 543674,2025-07-08,Alberto Márquez Erazo,herreraandres@example.org,57 326 584
 01 82,Avenida Rivera # 2-3 Sur,Medellín,8,210712,fraccionado,exitoso,175.222.
118.231,2025-07-08 00:50:03,Promoción aplicada
l.30 \vspace{0.5
                cm}
? 209604,2025-07-08,José Gregorio Quintero,cecilia82@example.net,6085028228,Av
. calle 4ª # 9-70,Bucaramanga,1,23024,fraccionado,fallido,177.44.15.153,2025-0
7-08 00:50:03,Promoción aplicada
l.32 \section*{Detalles de 
                           la Compra}
? 345536,2025-07-08,Isabel Claudia Delgado,josegomez@example.org,+573235851079,
Carrera 3ª # 8-8 Este,Barranquilla,2,27402,fraccionado,exitoso,101.126.225.150
,2025-07-08 00:50:03,Cliente frecuente
l.34 Cantid
           ad comprada & 9 \\
? 265749,2025-07-08,Daniela María Pérez Ortiz,lorena70@example.com,9523356,Av
enida calle 9ª # 3-8,Manizales,10,423210,fraccionado,exitoso,36.44.202.185,202
5-07-08 00:50:03,Cliente nuevo
l.35 Monto to
             tal & \$ 147654 \\
? 235734,2025-07-08,Mary Rodríguez,vhernandez@example.com,(+57) 323 743 02 74,
Cr. 48 # 9V-31,Bucaramanga,2,95636,fraccionado,fallido,191.122.79.80,2025-07-08
 00:50:03,Cliente frecuente
l.36 Tipo d
           e pago & fraccionado \\
? 661615,2025-07-08,Jorge Navarro,veronicacorrea@example.com,018005387845,Dg. 6
ª # 92E-6,Bogotá,7,202706,fraccionado,fallido,102.11.105.71,2025-07-08 00:50:
03,Cliente nuevo
l.40 \vspace
            {0.5cm}
? 342664,2025-07-08,Myriam Rincón,esperanza42@example.net,3812441,Cr. 6J # 34-
53 Sur,Pereira,7,93891,fraccionado,fallido,122.180.7.213,2025-07-08 00:50:03,
l.43 \begin{
            longtable}{ll}
? 158365,2025-07-08,Jennifer García Díaz,jaimechaparro@example.com,57 317 522
 90 48,Cr. 144O # 7-3,Bogotá,1,45996,completo,exitoso,101.236.81.56,2025-07-08
 00:50:03,
l.43 \begin{longtable}{ll}
                          
? 558265,2025-07-08,Jair Sánchez,carlos04@example.com,+573177994158,Avenida Go
nzález # 93-32 Este,Cali,9,326322,completo,fallido,90.33.19.108,2025-07-08 00:
50:03,Cliente frecuente
l.45 Fecha y hora & 2025-07
                           -08 00:50:03 \\
? 
! Emergency stop.
l.45 
     
End of file on the terminal!

 
Here is how much of TeX's memory you used:
 1176 strings out of 468221
 20108 string characters out of 5432892
 426021 words of memory out of 5000000
 29765 multiletter control sequences out of 15000+600000
 628335 words of font info for 45 fonts, out of 8000000 for 9000
 1141 hyphenation exceptions out of 8191
 57i,4n,65p,269b,121s stack positions out of 10000i,1000n,20000p,200000b,200000s
!  ==> Fatal error occurred, no output PDF file produced!
